Arguments: 
  C:\nodeVersions\node.exe C:\nodeVersions\node_modules\yarn\bin\yarn.js add axios

PATH: 
  C:\WINDOWS\system32;C:\WINDOWS;C:\WINDOWS\System32\Wbem;C:\WINDOWS\System32\WindowsPowerShell\v1.0\;C:\WINDOWS\System32\OpenSSH\;C:\Program Files\Docker\Docker\resources\bin;C:\ProgramData\DockerDesktop\version-bin;C:\Program Files (x86)\NodeVersionManager;C:\nodeVersions;C:\ProgramData\chocolatey\bin;C:\Program Files\OpenJDK\openjdk-11.0.13_8\bin;C:\Users\lazar\AppData\Local\Android\Sdk\platform-tools;C:\Users\lazar\AppData\Local\Yarn\bin;C:\Program Files\Git\cmd;C:\Users\lazar\AppData\Local\Microsoft\WindowsApps;C:\Program Files\JetBrains\PhpStorm 2021.3.2\bin;;E:\winPrograms\WebStorm 2021.3.2\bin;;E:\winPrograms\CLion 2021.3.3\bin;;C:\Program Files\JetBrains\IntelliJ IDEA 2021.3.2\bin;;C:\Users\lazar\AppData\Local\Programs\Microsoft VS Code\bin;C:\Users\lazar\AppData\Local\GitHubDesktop\bin;C:\Users\lazar\Desktop\MyRoomApp\node_modules\.bin

Yarn version: 
  1.22.17

Node version: 
  16.13.2

Platform: 
  win32 x64

Trace: 
  Error: EPERM: operation not permitted, unlink 'C:\Users\lazar\Desktop\MyRoomApp\api\node_modules\argon2\lib\binding\napi-v3\argon2.node'

npm manifest: 
  {
    "name": "api",
    "version": "1.0.0",
    "description": "",
    "main": "index.js",
    "scripts": {
      "test": "echo \"Error: no test specified\" && exit 1"
    },
    "keywords": [],
    "author": "",
    "license": "ISC",
    "dependencies": {
      "directus": "^9.5.1",
      "mysql": "^2.18.1"
    }
  }

yarn manifest: 
  No manifest

Lockfile: 
  No lockfile
